{"/Users/vigneshr/Desktop/Med-Project/med-frontend/src/components/AdminComponents/script/InventoryActionModal.js": {"path":"/Users/vigneshr/Desktop/Med-Project/med-frontend/src/components/AdminComponents/script/InventoryActionModal.js","statementMap":{"0":{"start":{"line":12,"column":4},"end":{"line":23,"column":6}},"1":{"start":{"line":30,"column":6},"end":{"line":30,"column":32}},"2":{"start":{"line":33,"column":6},"end":{"line":33,"column":45}},"3":{"start":{"line":38,"column":6},"end":{"line":42,"column":8}},"4":{"start":{"line":46,"column":6},"end":{"line":52,"column":8}},"5":{"start":{"line":55,"column":6},"end":{"line":55,"column":36}},"6":{"start":{"line":59,"column":25},"end":{"line":59,"column":57}},"7":{"start":{"line":60,"column":4},"end":{"line":60,"column":38}},"8":{"start":{"line":61,"column":4},"end":{"line":69,"column":5}},"9":{"start":{"line":62,"column":6},"end":{"line":62,"column":40}},"10":{"start":{"line":63,"column":6},"end":{"line":63,"column":44}},"11":{"start":{"line":64,"column":6},"end":{"line":64,"column":52}},"12":{"start":{"line":65,"column":6},"end":{"line":65,"column":46}},"13":{"start":{"line":66,"column":6},"end":{"line":66,"column":42}},"14":{"start":{"line":67,"column":6},"end":{"line":67,"column":58}},"15":{"start":{"line":68,"column":6},"end":{"line":68,"column":58}},"16":{"start":{"line":70,"column":4},"end":{"line":70,"column":56}},"17":{"start":{"line":71,"column":4},"end":{"line":71,"column":65}}},"fnMap":{"0":{"name":"(anonymous_0)","decl":{"start":{"line":8,"column":15},"end":{"line":8,"column":16}},"loc":{"start":{"line":8,"column":21},"end":{"line":8,"column":23}},"line":8},"1":{"name":"(anonymous_1)","decl":{"start":{"line":11,"column":2},"end":{"line":11,"column":3}},"loc":{"start":{"line":11,"column":9},"end":{"line":24,"column":3}},"line":11},"2":{"name":"(anonymous_2)","decl":{"start":{"line":29,"column":4},"end":{"line":29,"column":5}},"loc":{"start":{"line":29,"column":18},"end":{"line":31,"column":5}},"line":29},"3":{"name":"(anonymous_3)","decl":{"start":{"line":32,"column":4},"end":{"line":32,"column":5}},"loc":{"start":{"line":32,"column":20},"end":{"line":34,"column":5}},"line":32},"4":{"name":"(anonymous_4)","decl":{"start":{"line":37,"column":4},"end":{"line":37,"column":5}},"loc":{"start":{"line":37,"column":25},"end":{"line":43,"column":5}},"line":37},"5":{"name":"(anonymous_5)","decl":{"start":{"line":45,"column":4},"end":{"line":45,"column":5}},"loc":{"start":{"line":45,"column":20},"end":{"line":53,"column":5}},"line":45},"6":{"name":"(anonymous_6)","decl":{"start":{"line":54,"column":4},"end":{"line":54,"column":5}},"loc":{"start":{"line":54,"column":22},"end":{"line":56,"column":5}},"line":54},"7":{"name":"(anonymous_7)","decl":{"start":{"line":58,"column":2},"end":{"line":58,"column":3}},"loc":{"start":{"line":58,"column":12},"end":{"line":72,"column":3}},"line":58}},"branchMap":{"0":{"loc":{"start":{"line":39,"column":8},"end":{"line":41,"column":55}},"type":"binary-expr","locations":[{"start":{"line":39,"column":8},"end":{"line":39,"column":30}},{"start":{"line":40,"column":8},"end":{"line":40,"column":28}},{"start":{"line":41,"column":8},"end":{"line":41,"column":55}}],"line":39},"1":{"loc":{"start":{"line":47,"column":8},"end":{"line":51,"column":43}},"type":"binary-expr","locations":[{"start":{"line":47,"column":8},"end":{"line":47,"column":36}},{"start":{"line":48,"column":8},"end":{"line":48,"column":40}},{"start":{"line":49,"column":8},"end":{"line":49,"column":26}},{"start":{"line":50,"column":8},"end":{"line":50,"column":32}},{"start":{"line":51,"column":8},"end":{"line":51,"column":43}}],"line":47},"2":{"loc":{"start":{"line":61,"column":4},"end":{"line":69,"column":5}},"type":"if","locations":[{"start":{"line":61,"column":4},"end":{"line":69,"column":5}},{"start":{},"end":{}}],"line":61}},"s":{"0":0,"1":0,"2":0,"3":0,"4":0,"5":0,"6":0,"7":0,"8":0,"9":0,"10":0,"11":0,"12":0,"13":0,"14":0,"15":0,"16":0,"17":0},"f":{"0":0,"1":0,"2":0,"3":0,"4":0,"5":0,"6":0,"7":0},"b":{"0":[0,0,0],"1":[0,0,0,0,0],"2":[0,0]}}
,"/Users/vigneshr/Desktop/Med-Project/med-frontend/src/components/AdminComponents/script/InventoryTable.js": {"path":"/Users/vigneshr/Desktop/Med-Project/med-frontend/src/components/AdminComponents/script/InventoryTable.js","statementMap":{"0":{"start":{"line":16,"column":4},"end":{"line":22,"column":6}},"1":{"start":{"line":37,"column":6},"end":{"line":37,"column":47}},"2":{"start":{"line":38,"column":6},"end":{"line":38,"column":35}},"3":{"start":{"line":41,"column":6},"end":{"line":41,"column":36}},"4":{"start":{"line":44,"column":6},"end":{"line":44,"column":35}},"5":{"start":{"line":47,"column":6},"end":{"line":47,"column":27}},"6":{"start":{"line":48,"column":6},"end":{"line":48,"column":46}},"7":{"start":{"line":51,"column":6},"end":{"line":51,"column":63}},"8":{"start":{"line":54,"column":6},"end":{"line":54,"column":34}},"9":{"start":{"line":55,"column":6},"end":{"line":55,"column":34}},"10":{"start":{"line":58,"column":6},"end":{"line":70,"column":9}},"11":{"start":{"line":61,"column":10},"end":{"line":64,"column":11}},"12":{"start":{"line":62,"column":12},"end":{"line":62,"column":52}},"13":{"start":{"line":63,"column":12},"end":{"line":63,"column":49}},"14":{"start":{"line":67,"column":10},"end":{"line":67,"column":27}},"15":{"start":{"line":68,"column":10},"end":{"line":68,"column":40}},"16":{"start":{"line":71,"column":6},"end":{"line":71,"column":23}},"17":{"start":{"line":72,"column":6},"end":{"line":72,"column":36}},"18":{"start":{"line":75,"column":30},"end":{"line":79,"column":7}},"19":{"start":{"line":80,"column":6},"end":{"line":80,"column":34}},"20":{"start":{"line":81,"column":6},"end":{"line":81,"column":45}},"21":{"start":{"line":84,"column":6},"end":{"line":84,"column":27}},"22":{"start":{"line":85,"column":6},"end":{"line":119,"column":7}},"23":{"start":{"line":86,"column":32},"end":{"line":86,"column":39}},"24":{"start":{"line":87,"column":8},"end":{"line":87,"column":30}},"25":{"start":{"line":88,"column":8},"end":{"line":102,"column":11}},"26":{"start":{"line":91,"column":12},"end":{"line":91,"column":29}},"27":{"start":{"line":92,"column":12},"end":{"line":97,"column":13}},"28":{"start":{"line":93,"column":14},"end":{"line":93,"column":64}},"29":{"start":{"line":94,"column":14},"end":{"line":94,"column":54}},"30":{"start":{"line":96,"column":14},"end":{"line":96,"column":60}},"31":{"start":{"line":100,"column":12},"end":{"line":100,"column":42}},"32":{"start":{"line":104,"column":8},"end":{"line":118,"column":11}},"33":{"start":{"line":107,"column":12},"end":{"line":107,"column":29}},"34":{"start":{"line":108,"column":12},"end":{"line":113,"column":13}},"35":{"start":{"line":109,"column":14},"end":{"line":109,"column":55}},"36":{"start":{"line":110,"column":14},"end":{"line":110,"column":54}},"37":{"start":{"line":112,"column":14},"end":{"line":112,"column":60}},"38":{"start":{"line":116,"column":12},"end":{"line":116,"column":34}},"39":{"start":{"line":120,"column":6},"end":{"line":120,"column":35}},"40":{"start":{"line":124,"column":4},"end":{"line":124,"column":44}}},"fnMap":{"0":{"name":"(anonymous_0)","decl":{"start":{"line":15,"column":2},"end":{"line":15,"column":3}},"loc":{"start":{"line":15,"column":9},"end":{"line":23,"column":3}},"line":15},"1":{"name":"(anonymous_1)","decl":{"start":{"line":36,"column":4},"end":{"line":36,"column":5}},"loc":{"start":{"line":36,"column":38},"end":{"line":39,"column":5}},"line":36},"2":{"name":"(anonymous_2)","decl":{"start":{"line":40,"column":4},"end":{"line":40,"column":5}},"loc":{"start":{"line":40,"column":24},"end":{"line":42,"column":5}},"line":40},"3":{"name":"(anonymous_3)","decl":{"start":{"line":43,"column":4},"end":{"line":43,"column":5}},"loc":{"start":{"line":43,"column":23},"end":{"line":45,"column":5}},"line":43},"4":{"name":"(anonymous_4)","decl":{"start":{"line":46,"column":4},"end":{"line":46,"column":5}},"loc":{"start":{"line":46,"column":18},"end":{"line":49,"column":5}},"line":46},"5":{"name":"(anonymous_5)","decl":{"start":{"line":50,"column":4},"end":{"line":50,"column":5}},"loc":{"start":{"line":50,"column":17},"end":{"line":52,"column":5}},"line":50},"6":{"name":"(anonymous_6)","decl":{"start":{"line":53,"column":4},"end":{"line":53,"column":5}},"loc":{"start":{"line":53,"column":34},"end":{"line":56,"column":5}},"line":53},"7":{"name":"(anonymous_7)","decl":{"start":{"line":57,"column":4},"end":{"line":57,"column":5}},"loc":{"start":{"line":57,"column":24},"end":{"line":73,"column":5}},"line":57},"8":{"name":"(anonymous_8)","decl":{"start":{"line":60,"column":25},"end":{"line":60,"column":26}},"loc":{"start":{"line":60,"column":34},"end":{"line":65,"column":9}},"line":60},"9":{"name":"(anonymous_9)","decl":{"start":{"line":66,"column":23},"end":{"line":66,"column":24}},"loc":{"start":{"line":66,"column":32},"end":{"line":69,"column":9}},"line":66},"10":{"name":"(anonymous_10)","decl":{"start":{"line":74,"column":4},"end":{"line":74,"column":5}},"loc":{"start":{"line":74,"column":20},"end":{"line":82,"column":5}},"line":74},"11":{"name":"(anonymous_11)","decl":{"start":{"line":83,"column":4},"end":{"line":83,"column":5}},"loc":{"start":{"line":83,"column":28},"end":{"line":121,"column":5}},"line":83},"12":{"name":"(anonymous_12)","decl":{"start":{"line":90,"column":27},"end":{"line":90,"column":28}},"loc":{"start":{"line":90,"column":36},"end":{"line":98,"column":11}},"line":90},"13":{"name":"(anonymous_13)","decl":{"start":{"line":99,"column":26},"end":{"line":99,"column":27}},"loc":{"start":{"line":99,"column":35},"end":{"line":101,"column":11}},"line":99},"14":{"name":"(anonymous_14)","decl":{"start":{"line":106,"column":27},"end":{"line":106,"column":28}},"loc":{"start":{"line":106,"column":36},"end":{"line":114,"column":11}},"line":106},"15":{"name":"(anonymous_15)","decl":{"start":{"line":115,"column":26},"end":{"line":115,"column":27}},"loc":{"start":{"line":115,"column":35},"end":{"line":117,"column":11}},"line":115},"16":{"name":"(anonymous_16)","decl":{"start":{"line":123,"column":2},"end":{"line":123,"column":3}},"loc":{"start":{"line":123,"column":12},"end":{"line":125,"column":3}},"line":123}},"branchMap":{"0":{"loc":{"start":{"line":61,"column":10},"end":{"line":64,"column":11}},"type":"if","locations":[{"start":{"line":61,"column":10},"end":{"line":64,"column":11}},{"start":{},"end":{}}],"line":61},"1":{"loc":{"start":{"line":85,"column":6},"end":{"line":119,"column":7}},"type":"if","locations":[{"start":{"line":85,"column":6},"end":{"line":119,"column":7}},{"start":{"line":103,"column":13},"end":{"line":119,"column":7}}],"line":85},"2":{"loc":{"start":{"line":92,"column":12},"end":{"line":97,"column":13}},"type":"if","locations":[{"start":{"line":92,"column":12},"end":{"line":97,"column":13}},{"start":{"line":95,"column":19},"end":{"line":97,"column":13}}],"line":92},"3":{"loc":{"start":{"line":108,"column":12},"end":{"line":113,"column":13}},"type":"if","locations":[{"start":{"line":108,"column":12},"end":{"line":113,"column":13}},{"start":{"line":111,"column":19},"end":{"line":113,"column":13}}],"line":108}},"s":{"0":0,"1":0,"2":0,"3":0,"4":0,"5":0,"6":0,"7":0,"8":0,"9":0,"10":0,"11":0,"12":0,"13":0,"14":0,"15":0,"16":0,"17":0,"18":0,"19":0,"20":0,"21":0,"22":0,"23":0,"24":0,"25":0,"26":0,"27":0,"28":0,"29":0,"30":0,"31":0,"32":0,"33":0,"34":0,"35":0,"36":0,"37":0,"38":0,"39":0,"40":0},"f":{"0":0,"1":0,"2":0,"3":0,"4":0,"5":0,"6":0,"7":0,"8":0,"9":0,"10":0,"11":0,"12":0,"13":0,"14":0,"15":0,"16":0},"b":{"0":[0,0],"1":[0,0],"2":[0,0],"3":[0,0]}}
,"/Users/vigneshr/Desktop/Med-Project/med-frontend/src/components/AdminComponents/script/InventoryTableList.js": {"path":"/Users/vigneshr/Desktop/Med-Project/med-frontend/src/components/AdminComponents/script/InventoryTableList.js","statementMap":{"0":{"start":{"line":21,"column":6},"end":{"line":21,"column":36}},"1":{"start":{"line":24,"column":6},"end":{"line":24,"column":42}},"2":{"start":{"line":29,"column":6},"end":{"line":29,"column":66}},"3":{"start":{"line":32,"column":6},"end":{"line":32,"column":34}},"4":{"start":{"line":33,"column":35},"end":{"line":37,"column":7}},"5":{"start":{"line":38,"column":6},"end":{"line":38,"column":62}},"6":{"start":{"line":41,"column":6},"end":{"line":41,"column":43}}},"fnMap":{"0":{"name":"(anonymous_0)","decl":{"start":{"line":8,"column":15},"end":{"line":8,"column":16}},"loc":{"start":{"line":8,"column":21},"end":{"line":8,"column":23}},"line":8},"1":{"name":"(anonymous_1)","decl":{"start":{"line":20,"column":4},"end":{"line":20,"column":5}},"loc":{"start":{"line":20,"column":28},"end":{"line":22,"column":5}},"line":20},"2":{"name":"(anonymous_2)","decl":{"start":{"line":23,"column":4},"end":{"line":23,"column":5}},"loc":{"start":{"line":23,"column":30},"end":{"line":25,"column":5}},"line":23},"3":{"name":"(anonymous_3)","decl":{"start":{"line":28,"column":4},"end":{"line":28,"column":5}},"loc":{"start":{"line":28,"column":29},"end":{"line":30,"column":5}},"line":28},"4":{"name":"(anonymous_4)","decl":{"start":{"line":31,"column":4},"end":{"line":31,"column":5}},"loc":{"start":{"line":31,"column":28},"end":{"line":39,"column":5}},"line":31},"5":{"name":"(anonymous_5)","decl":{"start":{"line":40,"column":4},"end":{"line":40,"column":5}},"loc":{"start":{"line":40,"column":23},"end":{"line":42,"column":5}},"line":40}},"branchMap":{},"s":{"0":0,"1":0,"2":0,"3":0,"4":0,"5":0,"6":0},"f":{"0":0,"1":0,"2":0,"3":0,"4":0,"5":0},"b":{}}
,"/Users/vigneshr/Desktop/Med-Project/med-frontend/src/components/AdminComponents/script/UserAddSection.js": {"path":"/Users/vigneshr/Desktop/Med-Project/med-frontend/src/components/AdminComponents/script/UserAddSection.js","statementMap":{"0":{"start":{"line":7,"column":4},"end":{"line":14,"column":6}},"1":{"start":{"line":21,"column":6},"end":{"line":26,"column":8}},"2":{"start":{"line":31,"column":6},"end":{"line":41,"column":9}},"3":{"start":{"line":34,"column":10},"end":{"line":36,"column":11}},"4":{"start":{"line":35,"column":12},"end":{"line":35,"column":49}},"5":{"start":{"line":39,"column":10},"end":{"line":39,"column":35}},"6":{"start":{"line":42,"column":6},"end":{"line":47,"column":8}}},"fnMap":{"0":{"name":"(anonymous_0)","decl":{"start":{"line":6,"column":2},"end":{"line":6,"column":3}},"loc":{"start":{"line":6,"column":9},"end":{"line":15,"column":3}},"line":6},"1":{"name":"(anonymous_1)","decl":{"start":{"line":20,"column":4},"end":{"line":20,"column":5}},"loc":{"start":{"line":20,"column":20},"end":{"line":27,"column":5}},"line":20},"2":{"name":"(anonymous_2)","decl":{"start":{"line":30,"column":4},"end":{"line":30,"column":5}},"loc":{"start":{"line":30,"column":27},"end":{"line":48,"column":5}},"line":30},"3":{"name":"(anonymous_3)","decl":{"start":{"line":33,"column":25},"end":{"line":33,"column":26}},"loc":{"start":{"line":33,"column":34},"end":{"line":37,"column":9}},"line":33},"4":{"name":"(anonymous_4)","decl":{"start":{"line":38,"column":23},"end":{"line":38,"column":24}},"loc":{"start":{"line":38,"column":32},"end":{"line":40,"column":9}},"line":38}},"branchMap":{"0":{"loc":{"start":{"line":22,"column":8},"end":{"line":25,"column":22}},"type":"binary-expr","locations":[{"start":{"line":22,"column":8},"end":{"line":22,"column":22}},{"start":{"line":23,"column":8},"end":{"line":23,"column":26}},{"start":{"line":24,"column":8},"end":{"line":24,"column":26}},{"start":{"line":25,"column":8},"end":{"line":25,"column":22}}],"line":22},"1":{"loc":{"start":{"line":34,"column":10},"end":{"line":36,"column":11}},"type":"if","locations":[{"start":{"line":34,"column":10},"end":{"line":36,"column":11}},{"start":{},"end":{}}],"line":34}},"s":{"0":0,"1":0,"2":0,"3":0,"4":0,"5":0,"6":0},"f":{"0":0,"1":0,"2":0,"3":0,"4":0},"b":{"0":[0,0,0,0],"1":[0,0]}}
,"/Users/vigneshr/Desktop/Med-Project/med-frontend/src/components/AdminComponents/script/UserEditModal.js": {"path":"/Users/vigneshr/Desktop/Med-Project/med-frontend/src/components/AdminComponents/script/UserEditModal.js","statementMap":{"0":{"start":{"line":12,"column":4},"end":{"line":20,"column":6}},"1":{"start":{"line":27,"column":6},"end":{"line":27,"column":53}},"2":{"start":{"line":30,"column":6},"end":{"line":30,"column":32}},"3":{"start":{"line":33,"column":6},"end":{"line":36,"column":9}},"4":{"start":{"line":37,"column":6},"end":{"line":37,"column":32}},"5":{"start":{"line":42,"column":6},"end":{"line":44,"column":7}},"6":{"start":{"line":43,"column":8},"end":{"line":43,"column":45}},"7":{"start":{"line":45,"column":6},"end":{"line":49,"column":8}},"8":{"start":{"line":52,"column":6},"end":{"line":56,"column":8}},"9":{"start":{"line":59,"column":6},"end":{"line":59,"column":43}},"10":{"start":{"line":63,"column":4},"end":{"line":63,"column":44}},"11":{"start":{"line":64,"column":4},"end":{"line":64,"column":44}}},"fnMap":{"0":{"name":"(anonymous_0)","decl":{"start":{"line":8,"column":15},"end":{"line":8,"column":16}},"loc":{"start":{"line":8,"column":21},"end":{"line":8,"column":23}},"line":8},"1":{"name":"(anonymous_1)","decl":{"start":{"line":11,"column":2},"end":{"line":11,"column":3}},"loc":{"start":{"line":11,"column":9},"end":{"line":21,"column":3}},"line":11},"2":{"name":"(anonymous_2)","decl":{"start":{"line":26,"column":4},"end":{"line":26,"column":5}},"loc":{"start":{"line":26,"column":25},"end":{"line":28,"column":5}},"line":26},"3":{"name":"(anonymous_3)","decl":{"start":{"line":29,"column":4},"end":{"line":29,"column":5}},"loc":{"start":{"line":29,"column":18},"end":{"line":31,"column":5}},"line":29},"4":{"name":"(anonymous_4)","decl":{"start":{"line":32,"column":4},"end":{"line":32,"column":5}},"loc":{"start":{"line":32,"column":20},"end":{"line":38,"column":5}},"line":32},"5":{"name":"(anonymous_5)","decl":{"start":{"line":41,"column":4},"end":{"line":41,"column":5}},"loc":{"start":{"line":41,"column":22},"end":{"line":50,"column":5}},"line":41},"6":{"name":"(anonymous_6)","decl":{"start":{"line":51,"column":4},"end":{"line":51,"column":5}},"loc":{"start":{"line":51,"column":33},"end":{"line":57,"column":5}},"line":51},"7":{"name":"(anonymous_7)","decl":{"start":{"line":58,"column":4},"end":{"line":58,"column":5}},"loc":{"start":{"line":58,"column":22},"end":{"line":60,"column":5}},"line":58},"8":{"name":"(anonymous_8)","decl":{"start":{"line":62,"column":2},"end":{"line":62,"column":3}},"loc":{"start":{"line":62,"column":12},"end":{"line":65,"column":3}},"line":62}},"branchMap":{"0":{"loc":{"start":{"line":42,"column":6},"end":{"line":44,"column":7}},"type":"if","locations":[{"start":{"line":42,"column":6},"end":{"line":44,"column":7}},{"start":{},"end":{}}],"line":42},"1":{"loc":{"start":{"line":46,"column":8},"end":{"line":48,"column":55}},"type":"binary-expr","locations":[{"start":{"line":46,"column":8},"end":{"line":46,"column":30}},{"start":{"line":47,"column":8},"end":{"line":47,"column":28}},{"start":{"line":48,"column":8},"end":{"line":48,"column":55}}],"line":46},"2":{"loc":{"start":{"line":53,"column":8},"end":{"line":55,"column":55}},"type":"binary-expr","locations":[{"start":{"line":53,"column":8},"end":{"line":53,"column":30}},{"start":{"line":54,"column":8},"end":{"line":54,"column":28}},{"start":{"line":55,"column":8},"end":{"line":55,"column":55}}],"line":53}},"s":{"0":0,"1":0,"2":0,"3":0,"4":0,"5":0,"6":0,"7":0,"8":0,"9":0,"10":0,"11":0},"f":{"0":0,"1":0,"2":0,"3":0,"4":0,"5":0,"6":0,"7":0,"8":0},"b":{"0":[0,0],"1":[0,0,0],"2":[0,0,0]}}
,"/Users/vigneshr/Desktop/Med-Project/med-frontend/src/components/AdminComponents/script/UserTable.js": {"path":"/Users/vigneshr/Desktop/Med-Project/med-frontend/src/components/AdminComponents/script/UserTable.js","statementMap":{"0":{"start":{"line":18,"column":4},"end":{"line":28,"column":6}},"1":{"start":{"line":39,"column":6},"end":{"line":39,"column":27}},"2":{"start":{"line":40,"column":6},"end":{"line":40,"column":43}},"3":{"start":{"line":43,"column":6},"end":{"line":43,"column":60}},"4":{"start":{"line":46,"column":6},"end":{"line":46,"column":41}},"5":{"start":{"line":47,"column":6},"end":{"line":47,"column":35}},"6":{"start":{"line":50,"column":6},"end":{"line":50,"column":46}},"7":{"start":{"line":51,"column":6},"end":{"line":51,"column":50}},"8":{"start":{"line":52,"column":6},"end":{"line":52,"column":32}},"9":{"start":{"line":55,"column":6},"end":{"line":55,"column":33}},"10":{"start":{"line":58,"column":6},"end":{"line":58,"column":36}},"11":{"start":{"line":61,"column":6},"end":{"line":73,"column":9}},"12":{"start":{"line":64,"column":10},"end":{"line":67,"column":11}},"13":{"start":{"line":65,"column":12},"end":{"line":65,"column":49}},"14":{"start":{"line":66,"column":12},"end":{"line":66,"column":55}},"15":{"start":{"line":70,"column":10},"end":{"line":70,"column":27}},"16":{"start":{"line":71,"column":10},"end":{"line":71,"column":40}},"17":{"start":{"line":74,"column":6},"end":{"line":74,"column":23}},"18":{"start":{"line":75,"column":6},"end":{"line":75,"column":36}},"19":{"start":{"line":78,"column":6},"end":{"line":106,"column":7}},"20":{"start":{"line":79,"column":8},"end":{"line":79,"column":30}},"21":{"start":{"line":80,"column":8},"end":{"line":92,"column":11}},"22":{"start":{"line":83,"column":12},"end":{"line":86,"column":13}},"23":{"start":{"line":84,"column":14},"end":{"line":84,"column":51}},"24":{"start":{"line":85,"column":14},"end":{"line":85,"column":54}},"25":{"start":{"line":89,"column":12},"end":{"line":89,"column":37}},"26":{"start":{"line":90,"column":12},"end":{"line":90,"column":44}},"27":{"start":{"line":94,"column":8},"end":{"line":105,"column":11}},"28":{"start":{"line":97,"column":12},"end":{"line":100,"column":13}},"29":{"start":{"line":98,"column":14},"end":{"line":98,"column":51}},"30":{"start":{"line":99,"column":14},"end":{"line":99,"column":58}},"31":{"start":{"line":103,"column":12},"end":{"line":103,"column":37}},"32":{"start":{"line":115,"column":4},"end":{"line":115,"column":41}}},"fnMap":{"0":{"name":"(anonymous_0)","decl":{"start":{"line":17,"column":2},"end":{"line":17,"column":3}},"loc":{"start":{"line":17,"column":9},"end":{"line":29,"column":3}},"line":17},"1":{"name":"(anonymous_1)","decl":{"start":{"line":38,"column":4},"end":{"line":38,"column":5}},"loc":{"start":{"line":38,"column":18},"end":{"line":41,"column":5}},"line":38},"2":{"name":"(anonymous_2)","decl":{"start":{"line":42,"column":4},"end":{"line":42,"column":5}},"loc":{"start":{"line":42,"column":17},"end":{"line":44,"column":5}},"line":42},"3":{"name":"(anonymous_3)","decl":{"start":{"line":45,"column":4},"end":{"line":45,"column":5}},"loc":{"start":{"line":45,"column":35},"end":{"line":48,"column":5}},"line":45},"4":{"name":"(anonymous_4)","decl":{"start":{"line":49,"column":4},"end":{"line":49,"column":5}},"loc":{"start":{"line":49,"column":34},"end":{"line":53,"column":5}},"line":49},"5":{"name":"(anonymous_5)","decl":{"start":{"line":54,"column":4},"end":{"line":54,"column":5}},"loc":{"start":{"line":54,"column":21},"end":{"line":56,"column":5}},"line":54},"6":{"name":"(anonymous_6)","decl":{"start":{"line":57,"column":4},"end":{"line":57,"column":5}},"loc":{"start":{"line":57,"column":24},"end":{"line":59,"column":5}},"line":57},"7":{"name":"(anonymous_7)","decl":{"start":{"line":60,"column":4},"end":{"line":60,"column":5}},"loc":{"start":{"line":60,"column":24},"end":{"line":76,"column":5}},"line":60},"8":{"name":"(anonymous_8)","decl":{"start":{"line":63,"column":25},"end":{"line":63,"column":26}},"loc":{"start":{"line":63,"column":34},"end":{"line":68,"column":9}},"line":63},"9":{"name":"(anonymous_9)","decl":{"start":{"line":69,"column":23},"end":{"line":69,"column":24}},"loc":{"start":{"line":69,"column":32},"end":{"line":72,"column":9}},"line":69},"10":{"name":"(anonymous_10)","decl":{"start":{"line":77,"column":4},"end":{"line":77,"column":5}},"loc":{"start":{"line":77,"column":47},"end":{"line":107,"column":5}},"line":77},"11":{"name":"(anonymous_11)","decl":{"start":{"line":82,"column":27},"end":{"line":82,"column":28}},"loc":{"start":{"line":82,"column":36},"end":{"line":87,"column":11}},"line":82},"12":{"name":"(anonymous_12)","decl":{"start":{"line":88,"column":25},"end":{"line":88,"column":26}},"loc":{"start":{"line":88,"column":34},"end":{"line":91,"column":11}},"line":88},"13":{"name":"(anonymous_13)","decl":{"start":{"line":96,"column":27},"end":{"line":96,"column":28}},"loc":{"start":{"line":96,"column":36},"end":{"line":101,"column":11}},"line":96},"14":{"name":"(anonymous_14)","decl":{"start":{"line":102,"column":25},"end":{"line":102,"column":26}},"loc":{"start":{"line":102,"column":34},"end":{"line":104,"column":11}},"line":102},"15":{"name":"(anonymous_15)","decl":{"start":{"line":114,"column":2},"end":{"line":114,"column":3}},"loc":{"start":{"line":114,"column":12},"end":{"line":116,"column":3}},"line":114}},"branchMap":{"0":{"loc":{"start":{"line":64,"column":10},"end":{"line":67,"column":11}},"type":"if","locations":[{"start":{"line":64,"column":10},"end":{"line":67,"column":11}},{"start":{},"end":{}}],"line":64},"1":{"loc":{"start":{"line":78,"column":6},"end":{"line":106,"column":7}},"type":"if","locations":[{"start":{"line":78,"column":6},"end":{"line":106,"column":7}},{"start":{"line":93,"column":13},"end":{"line":106,"column":7}}],"line":78},"2":{"loc":{"start":{"line":83,"column":12},"end":{"line":86,"column":13}},"type":"if","locations":[{"start":{"line":83,"column":12},"end":{"line":86,"column":13}},{"start":{},"end":{}}],"line":83},"3":{"loc":{"start":{"line":97,"column":12},"end":{"line":100,"column":13}},"type":"if","locations":[{"start":{"line":97,"column":12},"end":{"line":100,"column":13}},{"start":{},"end":{}}],"line":97}},"s":{"0":0,"1":0,"2":0,"3":0,"4":0,"5":0,"6":0,"7":0,"8":0,"9":0,"10":0,"11":0,"12":0,"13":0,"14":0,"15":0,"16":0,"17":0,"18":0,"19":0,"20":0,"21":0,"22":0,"23":0,"24":0,"25":0,"26":0,"27":0,"28":0,"29":0,"30":0,"31":0,"32":0},"f":{"0":0,"1":0,"2":0,"3":0,"4":0,"5":0,"6":0,"7":0,"8":0,"9":0,"10":0,"11":0,"12":0,"13":0,"14":0,"15":0},"b":{"0":[0,0],"1":[0,0],"2":[0,0],"3":[0,0]}}
,"/Users/vigneshr/Desktop/Med-Project/med-frontend/src/components/AdminComponents/script/UserTableList.js": {"path":"/Users/vigneshr/Desktop/Med-Project/med-frontend/src/components/AdminComponents/script/UserTableList.js","statementMap":{"0":{"start":{"line":22,"column":6},"end":{"line":22,"column":30}},"1":{"start":{"line":27,"column":6},"end":{"line":27,"column":55}},"2":{"start":{"line":30,"column":6},"end":{"line":30,"column":64}},"3":{"start":{"line":33,"column":6},"end":{"line":33,"column":43}}},"fnMap":{"0":{"name":"(anonymous_0)","decl":{"start":{"line":9,"column":15},"end":{"line":9,"column":16}},"loc":{"start":{"line":9,"column":21},"end":{"line":9,"column":23}},"line":9},"1":{"name":"(anonymous_1)","decl":{"start":{"line":21,"column":4},"end":{"line":21,"column":5}},"loc":{"start":{"line":21,"column":18},"end":{"line":23,"column":5}},"line":21},"2":{"name":"(anonymous_2)","decl":{"start":{"line":26,"column":4},"end":{"line":26,"column":5}},"loc":{"start":{"line":26,"column":16},"end":{"line":28,"column":5}},"line":26},"3":{"name":"(anonymous_3)","decl":{"start":{"line":29,"column":4},"end":{"line":29,"column":5}},"loc":{"start":{"line":29,"column":25},"end":{"line":31,"column":5}},"line":29},"4":{"name":"(anonymous_4)","decl":{"start":{"line":32,"column":4},"end":{"line":32,"column":5}},"loc":{"start":{"line":32,"column":23},"end":{"line":34,"column":5}},"line":32}},"branchMap":{},"s":{"0":0,"1":0,"2":0,"3":0},"f":{"0":0,"1":0,"2":0,"3":0,"4":0},"b":{}}
,"/Users/vigneshr/Desktop/Med-Project/med-frontend/src/components/DealerComponents/script/BuyProductsTable.js": {"path":"/Users/vigneshr/Desktop/Med-Project/med-frontend/src/components/DealerComponents/script/BuyProductsTable.js","statementMap":{"0":{"start":{"line":16,"column":4},"end":{"line":21,"column":6}},"1":{"start":{"line":31,"column":6},"end":{"line":31,"column":39}},"2":{"start":{"line":34,"column":6},"end":{"line":34,"column":38}},"3":{"start":{"line":35,"column":6},"end":{"line":35,"column":34}},"4":{"start":{"line":38,"column":6},"end":{"line":38,"column":27}},"5":{"start":{"line":39,"column":6},"end":{"line":39,"column":57}},"6":{"start":{"line":42,"column":31},"end":{"line":42,"column":35}},"7":{"start":{"line":43,"column":37},"end":{"line":47,"column":7}},"8":{"start":{"line":48,"column":6},"end":{"line":48,"column":42}},"9":{"start":{"line":49,"column":6},"end":{"line":63,"column":9}},"10":{"start":{"line":52,"column":10},"end":{"line":57,"column":11}},"11":{"start":{"line":53,"column":12},"end":{"line":53,"column":54}},"12":{"start":{"line":54,"column":12},"end":{"line":54,"column":45}},"13":{"start":{"line":56,"column":12},"end":{"line":56,"column":47}},"14":{"start":{"line":60,"column":10},"end":{"line":60,"column":27}},"15":{"start":{"line":61,"column":10},"end":{"line":61,"column":40}},"16":{"start":{"line":66,"column":6},"end":{"line":66,"column":74}},"17":{"start":{"line":70,"column":4},"end":{"line":70,"column":55}}},"fnMap":{"0":{"name":"(anonymous_0)","decl":{"start":{"line":15,"column":2},"end":{"line":15,"column":3}},"loc":{"start":{"line":15,"column":9},"end":{"line":22,"column":3}},"line":15},"1":{"name":"(anonymous_1)","decl":{"start":{"line":30,"column":4},"end":{"line":30,"column":5}},"loc":{"start":{"line":30,"column":23},"end":{"line":32,"column":5}},"line":30},"2":{"name":"(anonymous_2)","decl":{"start":{"line":33,"column":4},"end":{"line":33,"column":5}},"loc":{"start":{"line":33,"column":34},"end":{"line":36,"column":5}},"line":33},"3":{"name":"(anonymous_3)","decl":{"start":{"line":37,"column":4},"end":{"line":37,"column":5}},"loc":{"start":{"line":37,"column":18},"end":{"line":40,"column":5}},"line":37},"4":{"name":"(anonymous_4)","decl":{"start":{"line":41,"column":4},"end":{"line":41,"column":5}},"loc":{"start":{"line":41,"column":28},"end":{"line":64,"column":5}},"line":41},"5":{"name":"(anonymous_5)","decl":{"start":{"line":51,"column":25},"end":{"line":51,"column":26}},"loc":{"start":{"line":51,"column":34},"end":{"line":58,"column":9}},"line":51},"6":{"name":"(anonymous_6)","decl":{"start":{"line":59,"column":23},"end":{"line":59,"column":24}},"loc":{"start":{"line":59,"column":32},"end":{"line":62,"column":9}},"line":59},"7":{"name":"(anonymous_7)","decl":{"start":{"line":65,"column":4},"end":{"line":65,"column":5}},"loc":{"start":{"line":65,"column":17},"end":{"line":67,"column":5}},"line":65},"8":{"name":"(anonymous_8)","decl":{"start":{"line":69,"column":2},"end":{"line":69,"column":3}},"loc":{"start":{"line":69,"column":12},"end":{"line":71,"column":3}},"line":69}},"branchMap":{"0":{"loc":{"start":{"line":52,"column":10},"end":{"line":57,"column":11}},"type":"if","locations":[{"start":{"line":52,"column":10},"end":{"line":57,"column":11}},{"start":{"line":55,"column":17},"end":{"line":57,"column":11}}],"line":52}},"s":{"0":0,"1":0,"2":0,"3":0,"4":0,"5":0,"6":0,"7":0,"8":0,"9":0,"10":0,"11":0,"12":0,"13":0,"14":0,"15":0,"16":0,"17":0},"f":{"0":0,"1":0,"2":0,"3":0,"4":0,"5":0,"6":0,"7":0,"8":0},"b":{"0":[0,0]}}
,"/Users/vigneshr/Desktop/Med-Project/med-frontend/src/components/DealerComponents/script/BuyProductsTableList.js": {"path":"/Users/vigneshr/Desktop/Med-Project/med-frontend/src/components/DealerComponents/script/BuyProductsTableList.js","statementMap":{"0":{"start":{"line":21,"column":6},"end":{"line":21,"column":36}},"1":{"start":{"line":24,"column":6},"end":{"line":24,"column":42}},"2":{"start":{"line":29,"column":6},"end":{"line":29,"column":66}},"3":{"start":{"line":32,"column":6},"end":{"line":32,"column":39}},"4":{"start":{"line":33,"column":35},"end":{"line":38,"column":7}},"5":{"start":{"line":39,"column":6},"end":{"line":39,"column":62}}},"fnMap":{"0":{"name":"(anonymous_0)","decl":{"start":{"line":8,"column":15},"end":{"line":8,"column":16}},"loc":{"start":{"line":8,"column":21},"end":{"line":8,"column":23}},"line":8},"1":{"name":"(anonymous_1)","decl":{"start":{"line":20,"column":4},"end":{"line":20,"column":5}},"loc":{"start":{"line":20,"column":28},"end":{"line":22,"column":5}},"line":20},"2":{"name":"(anonymous_2)","decl":{"start":{"line":23,"column":4},"end":{"line":23,"column":5}},"loc":{"start":{"line":23,"column":30},"end":{"line":25,"column":5}},"line":23},"3":{"name":"(anonymous_3)","decl":{"start":{"line":28,"column":4},"end":{"line":28,"column":5}},"loc":{"start":{"line":28,"column":29},"end":{"line":30,"column":5}},"line":28},"4":{"name":"(anonymous_4)","decl":{"start":{"line":31,"column":4},"end":{"line":31,"column":5}},"loc":{"start":{"line":31,"column":28},"end":{"line":40,"column":5}},"line":31}},"branchMap":{},"s":{"0":0,"1":0,"2":0,"3":0,"4":0,"5":0},"f":{"0":0,"1":0,"2":0,"3":0,"4":0},"b":{}}
,"/Users/vigneshr/Desktop/Med-Project/med-frontend/src/components/DealerComponents/script/BuyRequestModal.js": {"path":"/Users/vigneshr/Desktop/Med-Project/med-frontend/src/components/DealerComponents/script/BuyRequestModal.js","statementMap":{"0":{"start":{"line":12,"column":4},"end":{"line":20,"column":6}},"1":{"start":{"line":27,"column":6},"end":{"line":27,"column":32}},"2":{"start":{"line":30,"column":6},"end":{"line":30,"column":45}},"3":{"start":{"line":34,"column":4},"end":{"line":34,"column":53}},"4":{"start":{"line":35,"column":4},"end":{"line":35,"column":57}},"5":{"start":{"line":36,"column":4},"end":{"line":36,"column":56}},"6":{"start":{"line":37,"column":4},"end":{"line":37,"column":65}}},"fnMap":{"0":{"name":"(anonymous_0)","decl":{"start":{"line":8,"column":15},"end":{"line":8,"column":16}},"loc":{"start":{"line":8,"column":21},"end":{"line":8,"column":23}},"line":8},"1":{"name":"(anonymous_1)","decl":{"start":{"line":11,"column":2},"end":{"line":11,"column":3}},"loc":{"start":{"line":11,"column":9},"end":{"line":21,"column":3}},"line":11},"2":{"name":"(anonymous_2)","decl":{"start":{"line":26,"column":4},"end":{"line":26,"column":5}},"loc":{"start":{"line":26,"column":18},"end":{"line":28,"column":5}},"line":26},"3":{"name":"(anonymous_3)","decl":{"start":{"line":29,"column":4},"end":{"line":29,"column":5}},"loc":{"start":{"line":29,"column":20},"end":{"line":31,"column":5}},"line":29},"4":{"name":"(anonymous_4)","decl":{"start":{"line":33,"column":2},"end":{"line":33,"column":3}},"loc":{"start":{"line":33,"column":12},"end":{"line":38,"column":3}},"line":33}},"branchMap":{},"s":{"0":0,"1":0,"2":0,"3":0,"4":0,"5":0,"6":0},"f":{"0":0,"1":0,"2":0,"3":0,"4":0},"b":{}}
,"/Users/vigneshr/Desktop/Med-Project/med-frontend/src/components/DealerComponents/script/InventoryTable.js": {"path":"/Users/vigneshr/Desktop/Med-Project/med-frontend/src/components/DealerComponents/script/InventoryTable.js","statementMap":{"0":{"start":{"line":10,"column":4},"end":{"line":15,"column":6}},"1":{"start":{"line":25,"column":6},"end":{"line":25,"column":39}},"2":{"start":{"line":28,"column":6},"end":{"line":28,"column":38}},"3":{"start":{"line":29,"column":6},"end":{"line":29,"column":34}},"4":{"start":{"line":33,"column":4},"end":{"line":33,"column":75}}},"fnMap":{"0":{"name":"(anonymous_0)","decl":{"start":{"line":9,"column":2},"end":{"line":9,"column":3}},"loc":{"start":{"line":9,"column":9},"end":{"line":16,"column":3}},"line":9},"1":{"name":"(anonymous_1)","decl":{"start":{"line":24,"column":4},"end":{"line":24,"column":5}},"loc":{"start":{"line":24,"column":23},"end":{"line":26,"column":5}},"line":24},"2":{"name":"(anonymous_2)","decl":{"start":{"line":27,"column":4},"end":{"line":27,"column":5}},"loc":{"start":{"line":27,"column":34},"end":{"line":30,"column":5}},"line":27},"3":{"name":"(anonymous_3)","decl":{"start":{"line":32,"column":2},"end":{"line":32,"column":3}},"loc":{"start":{"line":32,"column":12},"end":{"line":34,"column":3}},"line":32}},"branchMap":{},"s":{"0":0,"1":0,"2":0,"3":0,"4":0},"f":{"0":0,"1":0,"2":0,"3":0},"b":{}}
,"/Users/vigneshr/Desktop/Med-Project/med-frontend/src/components/DealerComponents/script/InventoryTableList.js": {"path":"/Users/vigneshr/Desktop/Med-Project/med-frontend/src/components/DealerComponents/script/InventoryTableList.js","statementMap":{"0":{"start":{"line":21,"column":6},"end":{"line":21,"column":36}},"1":{"start":{"line":24,"column":6},"end":{"line":24,"column":42}},"2":{"start":{"line":29,"column":6},"end":{"line":29,"column":66}},"3":{"start":{"line":32,"column":6},"end":{"line":32,"column":39}},"4":{"start":{"line":33,"column":35},"end":{"line":38,"column":7}},"5":{"start":{"line":39,"column":6},"end":{"line":39,"column":62}}},"fnMap":{"0":{"name":"(anonymous_0)","decl":{"start":{"line":8,"column":15},"end":{"line":8,"column":16}},"loc":{"start":{"line":8,"column":21},"end":{"line":8,"column":23}},"line":8},"1":{"name":"(anonymous_1)","decl":{"start":{"line":20,"column":4},"end":{"line":20,"column":5}},"loc":{"start":{"line":20,"column":28},"end":{"line":22,"column":5}},"line":20},"2":{"name":"(anonymous_2)","decl":{"start":{"line":23,"column":4},"end":{"line":23,"column":5}},"loc":{"start":{"line":23,"column":30},"end":{"line":25,"column":5}},"line":23},"3":{"name":"(anonymous_3)","decl":{"start":{"line":28,"column":4},"end":{"line":28,"column":5}},"loc":{"start":{"line":28,"column":29},"end":{"line":30,"column":5}},"line":28},"4":{"name":"(anonymous_4)","decl":{"start":{"line":31,"column":4},"end":{"line":31,"column":5}},"loc":{"start":{"line":31,"column":28},"end":{"line":40,"column":5}},"line":31}},"branchMap":{},"s":{"0":0,"1":0,"2":0,"3":0,"4":0,"5":0},"f":{"0":0,"1":0,"2":0,"3":0,"4":0},"b":{}}
,"/Users/vigneshr/Desktop/Med-Project/med-frontend/src/components/DealerComponents/script/RequestHistoryTable.js": {"path":"/Users/vigneshr/Desktop/Med-Project/med-frontend/src/components/DealerComponents/script/RequestHistoryTable.js","statementMap":{"0":{"start":{"line":10,"column":4},"end":{"line":15,"column":6}},"1":{"start":{"line":25,"column":6},"end":{"line":25,"column":39}},"2":{"start":{"line":28,"column":6},"end":{"line":28,"column":38}},"3":{"start":{"line":29,"column":6},"end":{"line":29,"column":34}},"4":{"start":{"line":33,"column":4},"end":{"line":35,"column":7}}},"fnMap":{"0":{"name":"(anonymous_0)","decl":{"start":{"line":9,"column":2},"end":{"line":9,"column":3}},"loc":{"start":{"line":9,"column":9},"end":{"line":16,"column":3}},"line":9},"1":{"name":"(anonymous_1)","decl":{"start":{"line":24,"column":4},"end":{"line":24,"column":5}},"loc":{"start":{"line":24,"column":23},"end":{"line":26,"column":5}},"line":24},"2":{"name":"(anonymous_2)","decl":{"start":{"line":27,"column":4},"end":{"line":27,"column":5}},"loc":{"start":{"line":27,"column":34},"end":{"line":30,"column":5}},"line":27},"3":{"name":"(anonymous_3)","decl":{"start":{"line":32,"column":2},"end":{"line":32,"column":3}},"loc":{"start":{"line":32,"column":12},"end":{"line":36,"column":3}},"line":32}},"branchMap":{},"s":{"0":0,"1":0,"2":0,"3":0,"4":0},"f":{"0":0,"1":0,"2":0,"3":0},"b":{}}
,"/Users/vigneshr/Desktop/Med-Project/med-frontend/src/components/DealerComponents/script/RequestHistoryTableList.js": {"path":"/Users/vigneshr/Desktop/Med-Project/med-frontend/src/components/DealerComponents/script/RequestHistoryTableList.js","statementMap":{"0":{"start":{"line":20,"column":6},"end":{"line":20,"column":43}}},"fnMap":{"0":{"name":"(anonymous_0)","decl":{"start":{"line":7,"column":15},"end":{"line":7,"column":16}},"loc":{"start":{"line":7,"column":21},"end":{"line":7,"column":23}},"line":7},"1":{"name":"(anonymous_1)","decl":{"start":{"line":19,"column":4},"end":{"line":19,"column":5}},"loc":{"start":{"line":19,"column":27},"end":{"line":21,"column":5}},"line":19}},"branchMap":{},"s":{"0":0},"f":{"0":0,"1":0},"b":{}}
,"/Users/vigneshr/Desktop/Med-Project/med-frontend/src/components/RetailerComponents/script/BillingPOS.js": {"path":"/Users/vigneshr/Desktop/Med-Project/med-frontend/src/components/RetailerComponents/script/BillingPOS.js","statementMap":{"0":{"start":{"line":14,"column":4},"end":{"line":17,"column":6}},"1":{"start":{"line":29,"column":24},"end":{"line":34,"column":7}},"2":{"start":{"line":35,"column":6},"end":{"line":46,"column":9}},"3":{"start":{"line":38,"column":10},"end":{"line":38,"column":27}},"4":{"start":{"line":39,"column":10},"end":{"line":39,"column":50}},"5":{"start":{"line":40,"column":10},"end":{"line":40,"column":42}},"6":{"start":{"line":43,"column":10},"end":{"line":43,"column":27}},"7":{"start":{"line":44,"column":10},"end":{"line":44,"column":43}}},"fnMap":{"0":{"name":"(anonymous_0)","decl":{"start":{"line":13,"column":2},"end":{"line":13,"column":3}},"loc":{"start":{"line":13,"column":9},"end":{"line":18,"column":3}},"line":13},"1":{"name":"(anonymous_1)","decl":{"start":{"line":28,"column":4},"end":{"line":28,"column":5}},"loc":{"start":{"line":28,"column":23},"end":{"line":47,"column":5}},"line":28},"2":{"name":"(anonymous_2)","decl":{"start":{"line":37,"column":25},"end":{"line":37,"column":26}},"loc":{"start":{"line":37,"column":34},"end":{"line":41,"column":9}},"line":37},"3":{"name":"(anonymous_3)","decl":{"start":{"line":42,"column":23},"end":{"line":42,"column":24}},"loc":{"start":{"line":42,"column":32},"end":{"line":45,"column":9}},"line":42}},"branchMap":{},"s":{"0":0,"1":0,"2":0,"3":0,"4":0,"5":0,"6":0,"7":0},"f":{"0":0,"1":0,"2":0,"3":0},"b":{}}
,"/Users/vigneshr/Desktop/Med-Project/med-frontend/src/components/RetailerComponents/script/BillingPageProductArea.js": {"path":"/Users/vigneshr/Desktop/Med-Project/med-frontend/src/components/RetailerComponents/script/BillingPageProductArea.js","statementMap":{"0":{"start":{"line":8,"column":4},"end":{"line":10,"column":6}},"1":{"start":{"line":24,"column":6},"end":{"line":24,"column":69}},"2":{"start":{"line":27,"column":6},"end":{"line":27,"column":26}},"3":{"start":{"line":28,"column":6},"end":{"line":30,"column":9}},"4":{"start":{"line":33,"column":6},"end":{"line":36,"column":9}},"5":{"start":{"line":40,"column":4},"end":{"line":42,"column":7}}},"fnMap":{"0":{"name":"(anonymous_0)","decl":{"start":{"line":7,"column":2},"end":{"line":7,"column":3}},"loc":{"start":{"line":7,"column":9},"end":{"line":11,"column":3}},"line":7},"1":{"name":"(anonymous_1)","decl":{"start":{"line":23,"column":4},"end":{"line":23,"column":5}},"loc":{"start":{"line":23,"column":20},"end":{"line":25,"column":5}},"line":23},"2":{"name":"(anonymous_2)","decl":{"start":{"line":26,"column":4},"end":{"line":26,"column":5}},"loc":{"start":{"line":26,"column":18},"end":{"line":31,"column":5}},"line":26},"3":{"name":"(anonymous_3)","decl":{"start":{"line":32,"column":4},"end":{"line":32,"column":5}},"loc":{"start":{"line":32,"column":23},"end":{"line":37,"column":5}},"line":32},"4":{"name":"(anonymous_4)","decl":{"start":{"line":39,"column":2},"end":{"line":39,"column":3}},"loc":{"start":{"line":39,"column":12},"end":{"line":43,"column":3}},"line":39}},"branchMap":{},"s":{"0":0,"1":0,"2":0,"3":0,"4":0,"5":0},"f":{"0":0,"1":0,"2":0,"3":0,"4":0},"b":{}}
,"/Users/vigneshr/Desktop/Med-Project/med-frontend/src/components/RetailerComponents/script/BillingPageProductList.js": {"path":"/Users/vigneshr/Desktop/Med-Project/med-frontend/src/components/RetailerComponents/script/BillingPageProductList.js","statementMap":{"0":{"start":{"line":6,"column":4},"end":{"line":10,"column":6}},"1":{"start":{"line":24,"column":6},"end":{"line":24,"column":39}}},"fnMap":{"0":{"name":"(anonymous_0)","decl":{"start":{"line":5,"column":2},"end":{"line":5,"column":3}},"loc":{"start":{"line":5,"column":9},"end":{"line":11,"column":3}},"line":5},"1":{"name":"(anonymous_1)","decl":{"start":{"line":15,"column":15},"end":{"line":15,"column":16}},"loc":{"start":{"line":15,"column":21},"end":{"line":15,"column":23}},"line":15},"2":{"name":"(anonymous_2)","decl":{"start":{"line":23,"column":4},"end":{"line":23,"column":5}},"loc":{"start":{"line":23,"column":23},"end":{"line":25,"column":5}},"line":23}},"branchMap":{},"s":{"0":0,"1":0},"f":{"0":0,"1":0,"2":0},"b":{}}
,"/Users/vigneshr/Desktop/Med-Project/med-frontend/src/components/RetailerComponents/script/BuyProductsTable.js": {"path":"/Users/vigneshr/Desktop/Med-Project/med-frontend/src/components/RetailerComponents/script/BuyProductsTable.js","statementMap":{"0":{"start":{"line":16,"column":4},"end":{"line":21,"column":6}},"1":{"start":{"line":31,"column":6},"end":{"line":31,"column":39}},"2":{"start":{"line":34,"column":6},"end":{"line":34,"column":38}},"3":{"start":{"line":35,"column":6},"end":{"line":35,"column":34}},"4":{"start":{"line":38,"column":6},"end":{"line":38,"column":27}},"5":{"start":{"line":39,"column":6},"end":{"line":39,"column":57}},"6":{"start":{"line":42,"column":31},"end":{"line":42,"column":35}},"7":{"start":{"line":43,"column":37},"end":{"line":48,"column":7}},"8":{"start":{"line":49,"column":6},"end":{"line":49,"column":42}},"9":{"start":{"line":50,"column":6},"end":{"line":64,"column":9}},"10":{"start":{"line":53,"column":10},"end":{"line":58,"column":11}},"11":{"start":{"line":54,"column":12},"end":{"line":54,"column":54}},"12":{"start":{"line":55,"column":12},"end":{"line":55,"column":45}},"13":{"start":{"line":57,"column":12},"end":{"line":57,"column":47}},"14":{"start":{"line":61,"column":10},"end":{"line":61,"column":27}},"15":{"start":{"line":62,"column":10},"end":{"line":62,"column":40}},"16":{"start":{"line":67,"column":6},"end":{"line":70,"column":8}},"17":{"start":{"line":74,"column":4},"end":{"line":74,"column":62}}},"fnMap":{"0":{"name":"(anonymous_0)","decl":{"start":{"line":15,"column":2},"end":{"line":15,"column":3}},"loc":{"start":{"line":15,"column":9},"end":{"line":22,"column":3}},"line":15},"1":{"name":"(anonymous_1)","decl":{"start":{"line":30,"column":4},"end":{"line":30,"column":5}},"loc":{"start":{"line":30,"column":23},"end":{"line":32,"column":5}},"line":30},"2":{"name":"(anonymous_2)","decl":{"start":{"line":33,"column":4},"end":{"line":33,"column":5}},"loc":{"start":{"line":33,"column":34},"end":{"line":36,"column":5}},"line":33},"3":{"name":"(anonymous_3)","decl":{"start":{"line":37,"column":4},"end":{"line":37,"column":5}},"loc":{"start":{"line":37,"column":18},"end":{"line":40,"column":5}},"line":37},"4":{"name":"(anonymous_4)","decl":{"start":{"line":41,"column":4},"end":{"line":41,"column":5}},"loc":{"start":{"line":41,"column":28},"end":{"line":65,"column":5}},"line":41},"5":{"name":"(anonymous_5)","decl":{"start":{"line":52,"column":25},"end":{"line":52,"column":26}},"loc":{"start":{"line":52,"column":34},"end":{"line":59,"column":9}},"line":52},"6":{"name":"(anonymous_6)","decl":{"start":{"line":60,"column":23},"end":{"line":60,"column":24}},"loc":{"start":{"line":60,"column":32},"end":{"line":63,"column":9}},"line":60},"7":{"name":"(anonymous_7)","decl":{"start":{"line":66,"column":4},"end":{"line":66,"column":5}},"loc":{"start":{"line":66,"column":17},"end":{"line":71,"column":5}},"line":66},"8":{"name":"(anonymous_8)","decl":{"start":{"line":73,"column":2},"end":{"line":73,"column":3}},"loc":{"start":{"line":73,"column":12},"end":{"line":75,"column":3}},"line":73}},"branchMap":{"0":{"loc":{"start":{"line":53,"column":10},"end":{"line":58,"column":11}},"type":"if","locations":[{"start":{"line":53,"column":10},"end":{"line":58,"column":11}},{"start":{"line":56,"column":17},"end":{"line":58,"column":11}}],"line":53}},"s":{"0":0,"1":0,"2":0,"3":0,"4":0,"5":0,"6":0,"7":0,"8":0,"9":0,"10":0,"11":0,"12":0,"13":0,"14":0,"15":0,"16":0,"17":0},"f":{"0":0,"1":0,"2":0,"3":0,"4":0,"5":0,"6":0,"7":0,"8":0},"b":{"0":[0,0]}}
,"/Users/vigneshr/Desktop/Med-Project/med-frontend/src/components/RetailerComponents/script/BuyProductsTableList.js": {"path":"/Users/vigneshr/Desktop/Med-Project/med-frontend/src/components/RetailerComponents/script/BuyProductsTableList.js","statementMap":{"0":{"start":{"line":21,"column":6},"end":{"line":21,"column":36}},"1":{"start":{"line":24,"column":6},"end":{"line":24,"column":42}},"2":{"start":{"line":29,"column":6},"end":{"line":29,"column":66}},"3":{"start":{"line":32,"column":6},"end":{"line":32,"column":39}},"4":{"start":{"line":33,"column":35},"end":{"line":39,"column":7}},"5":{"start":{"line":40,"column":6},"end":{"line":40,"column":62}}},"fnMap":{"0":{"name":"(anonymous_0)","decl":{"start":{"line":8,"column":15},"end":{"line":8,"column":16}},"loc":{"start":{"line":8,"column":21},"end":{"line":8,"column":23}},"line":8},"1":{"name":"(anonymous_1)","decl":{"start":{"line":20,"column":4},"end":{"line":20,"column":5}},"loc":{"start":{"line":20,"column":28},"end":{"line":22,"column":5}},"line":20},"2":{"name":"(anonymous_2)","decl":{"start":{"line":23,"column":4},"end":{"line":23,"column":5}},"loc":{"start":{"line":23,"column":30},"end":{"line":25,"column":5}},"line":23},"3":{"name":"(anonymous_3)","decl":{"start":{"line":28,"column":4},"end":{"line":28,"column":5}},"loc":{"start":{"line":28,"column":29},"end":{"line":30,"column":5}},"line":28},"4":{"name":"(anonymous_4)","decl":{"start":{"line":31,"column":4},"end":{"line":31,"column":5}},"loc":{"start":{"line":31,"column":28},"end":{"line":41,"column":5}},"line":31}},"branchMap":{},"s":{"0":0,"1":0,"2":0,"3":0,"4":0,"5":0},"f":{"0":0,"1":0,"2":0,"3":0,"4":0},"b":{}}
,"/Users/vigneshr/Desktop/Med-Project/med-frontend/src/components/RetailerComponents/script/BuyRequestModal.js": {"path":"/Users/vigneshr/Desktop/Med-Project/med-frontend/src/components/RetailerComponents/script/BuyRequestModal.js","statementMap":{"0":{"start":{"line":12,"column":4},"end":{"line":21,"column":6}},"1":{"start":{"line":28,"column":6},"end":{"line":28,"column":32}},"2":{"start":{"line":31,"column":6},"end":{"line":31,"column":45}},"3":{"start":{"line":35,"column":4},"end":{"line":35,"column":53}},"4":{"start":{"line":36,"column":4},"end":{"line":36,"column":57}},"5":{"start":{"line":37,"column":4},"end":{"line":37,"column":58}},"6":{"start":{"line":38,"column":4},"end":{"line":38,"column":56}},"7":{"start":{"line":39,"column":4},"end":{"line":39,"column":65}}},"fnMap":{"0":{"name":"(anonymous_0)","decl":{"start":{"line":8,"column":15},"end":{"line":8,"column":16}},"loc":{"start":{"line":8,"column":21},"end":{"line":8,"column":23}},"line":8},"1":{"name":"(anonymous_1)","decl":{"start":{"line":11,"column":2},"end":{"line":11,"column":3}},"loc":{"start":{"line":11,"column":9},"end":{"line":22,"column":3}},"line":11},"2":{"name":"(anonymous_2)","decl":{"start":{"line":27,"column":4},"end":{"line":27,"column":5}},"loc":{"start":{"line":27,"column":18},"end":{"line":29,"column":5}},"line":27},"3":{"name":"(anonymous_3)","decl":{"start":{"line":30,"column":4},"end":{"line":30,"column":5}},"loc":{"start":{"line":30,"column":20},"end":{"line":32,"column":5}},"line":30},"4":{"name":"(anonymous_4)","decl":{"start":{"line":34,"column":2},"end":{"line":34,"column":3}},"loc":{"start":{"line":34,"column":12},"end":{"line":40,"column":3}},"line":34}},"branchMap":{},"s":{"0":0,"1":0,"2":0,"3":0,"4":0,"5":0,"6":0,"7":0},"f":{"0":0,"1":0,"2":0,"3":0,"4":0},"b":{}}
,"/Users/vigneshr/Desktop/Med-Project/med-frontend/src/components/RetailerComponents/script/CartProductItem.js": {"path":"/Users/vigneshr/Desktop/Med-Project/med-frontend/src/components/RetailerComponents/script/CartProductItem.js","statementMap":{"0":{"start":{"line":15,"column":6},"end":{"line":15,"column":46}}},"fnMap":{"0":{"name":"(anonymous_0)","decl":{"start":{"line":6,"column":15},"end":{"line":6,"column":16}},"loc":{"start":{"line":6,"column":21},"end":{"line":6,"column":23}},"line":6},"1":{"name":"(anonymous_1)","decl":{"start":{"line":10,"column":15},"end":{"line":10,"column":16}},"loc":{"start":{"line":10,"column":21},"end":{"line":10,"column":23}},"line":10},"2":{"name":"(anonymous_2)","decl":{"start":{"line":14,"column":4},"end":{"line":14,"column":5}},"loc":{"start":{"line":14,"column":30},"end":{"line":16,"column":5}},"line":14}},"branchMap":{},"s":{"0":0},"f":{"0":0,"1":0,"2":0},"b":{}}
,"/Users/vigneshr/Desktop/Med-Project/med-frontend/src/components/RetailerComponents/script/InventoryRequestModal.js": {"path":"/Users/vigneshr/Desktop/Med-Project/med-frontend/src/components/RetailerComponents/script/InventoryRequestModal.js","statementMap":{},"fnMap":{},"branchMap":{},"s":{},"f":{},"b":{}}
,"/Users/vigneshr/Desktop/Med-Project/med-frontend/src/components/RetailerComponents/script/InventoryTable.js": {"path":"/Users/vigneshr/Desktop/Med-Project/med-frontend/src/components/RetailerComponents/script/InventoryTable.js","statementMap":{"0":{"start":{"line":12,"column":4},"end":{"line":17,"column":6}},"1":{"start":{"line":27,"column":6},"end":{"line":27,"column":27}},"2":{"start":{"line":28,"column":6},"end":{"line":30,"column":9}},"3":{"start":{"line":33,"column":6},"end":{"line":36,"column":9}},"4":{"start":{"line":39,"column":6},"end":{"line":39,"column":39}},"5":{"start":{"line":42,"column":6},"end":{"line":42,"column":38}},"6":{"start":{"line":43,"column":6},"end":{"line":43,"column":34}},"7":{"start":{"line":46,"column":6},"end":{"line":46,"column":24}},"8":{"start":{"line":50,"column":4},"end":{"line":52,"column":7}}},"fnMap":{"0":{"name":"(anonymous_0)","decl":{"start":{"line":11,"column":2},"end":{"line":11,"column":3}},"loc":{"start":{"line":11,"column":9},"end":{"line":18,"column":3}},"line":11},"1":{"name":"(anonymous_1)","decl":{"start":{"line":26,"column":4},"end":{"line":26,"column":5}},"loc":{"start":{"line":26,"column":18},"end":{"line":31,"column":5}},"line":26},"2":{"name":"(anonymous_2)","decl":{"start":{"line":32,"column":4},"end":{"line":32,"column":5}},"loc":{"start":{"line":32,"column":17},"end":{"line":37,"column":5}},"line":32},"3":{"name":"(anonymous_3)","decl":{"start":{"line":38,"column":4},"end":{"line":38,"column":5}},"loc":{"start":{"line":38,"column":23},"end":{"line":40,"column":5}},"line":38},"4":{"name":"(anonymous_4)","decl":{"start":{"line":41,"column":4},"end":{"line":41,"column":5}},"loc":{"start":{"line":41,"column":34},"end":{"line":44,"column":5}},"line":41},"5":{"name":"(anonymous_5)","decl":{"start":{"line":45,"column":4},"end":{"line":45,"column":5}},"loc":{"start":{"line":45,"column":28},"end":{"line":47,"column":5}},"line":45},"6":{"name":"(anonymous_6)","decl":{"start":{"line":49,"column":2},"end":{"line":49,"column":3}},"loc":{"start":{"line":49,"column":12},"end":{"line":53,"column":3}},"line":49}},"branchMap":{},"s":{"0":0,"1":0,"2":0,"3":0,"4":0,"5":0,"6":0,"7":0,"8":0},"f":{"0":0,"1":0,"2":0,"3":0,"4":0,"5":0,"6":0},"b":{}}
,"/Users/vigneshr/Desktop/Med-Project/med-frontend/src/components/RetailerComponents/script/InventoryTableList.js": {"path":"/Users/vigneshr/Desktop/Med-Project/med-frontend/src/components/RetailerComponents/script/InventoryTableList.js","statementMap":{"0":{"start":{"line":21,"column":6},"end":{"line":21,"column":36}},"1":{"start":{"line":24,"column":6},"end":{"line":24,"column":42}},"2":{"start":{"line":29,"column":6},"end":{"line":29,"column":66}},"3":{"start":{"line":32,"column":6},"end":{"line":32,"column":39}},"4":{"start":{"line":33,"column":35},"end":{"line":38,"column":7}},"5":{"start":{"line":39,"column":6},"end":{"line":39,"column":62}}},"fnMap":{"0":{"name":"(anonymous_0)","decl":{"start":{"line":8,"column":15},"end":{"line":8,"column":16}},"loc":{"start":{"line":8,"column":21},"end":{"line":8,"column":23}},"line":8},"1":{"name":"(anonymous_1)","decl":{"start":{"line":20,"column":4},"end":{"line":20,"column":5}},"loc":{"start":{"line":20,"column":28},"end":{"line":22,"column":5}},"line":20},"2":{"name":"(anonymous_2)","decl":{"start":{"line":23,"column":4},"end":{"line":23,"column":5}},"loc":{"start":{"line":23,"column":30},"end":{"line":25,"column":5}},"line":23},"3":{"name":"(anonymous_3)","decl":{"start":{"line":28,"column":4},"end":{"line":28,"column":5}},"loc":{"start":{"line":28,"column":29},"end":{"line":30,"column":5}},"line":28},"4":{"name":"(anonymous_4)","decl":{"start":{"line":31,"column":4},"end":{"line":31,"column":5}},"loc":{"start":{"line":31,"column":28},"end":{"line":40,"column":5}},"line":31}},"branchMap":{},"s":{"0":0,"1":0,"2":0,"3":0,"4":0,"5":0},"f":{"0":0,"1":0,"2":0,"3":0,"4":0},"b":{}}
,"/Users/vigneshr/Desktop/Med-Project/med-frontend/src/components/RetailerComponents/script/RequestHistoryTable.js": {"path":"/Users/vigneshr/Desktop/Med-Project/med-frontend/src/components/RetailerComponents/script/RequestHistoryTable.js","statementMap":{"0":{"start":{"line":10,"column":4},"end":{"line":15,"column":6}},"1":{"start":{"line":25,"column":6},"end":{"line":25,"column":39}},"2":{"start":{"line":28,"column":6},"end":{"line":28,"column":38}},"3":{"start":{"line":29,"column":6},"end":{"line":29,"column":34}},"4":{"start":{"line":33,"column":4},"end":{"line":35,"column":7}}},"fnMap":{"0":{"name":"(anonymous_0)","decl":{"start":{"line":9,"column":2},"end":{"line":9,"column":3}},"loc":{"start":{"line":9,"column":9},"end":{"line":16,"column":3}},"line":9},"1":{"name":"(anonymous_1)","decl":{"start":{"line":24,"column":4},"end":{"line":24,"column":5}},"loc":{"start":{"line":24,"column":23},"end":{"line":26,"column":5}},"line":24},"2":{"name":"(anonymous_2)","decl":{"start":{"line":27,"column":4},"end":{"line":27,"column":5}},"loc":{"start":{"line":27,"column":34},"end":{"line":30,"column":5}},"line":27},"3":{"name":"(anonymous_3)","decl":{"start":{"line":32,"column":2},"end":{"line":32,"column":3}},"loc":{"start":{"line":32,"column":12},"end":{"line":36,"column":3}},"line":32}},"branchMap":{},"s":{"0":0,"1":0,"2":0,"3":0,"4":0},"f":{"0":0,"1":0,"2":0,"3":0},"b":{}}
,"/Users/vigneshr/Desktop/Med-Project/med-frontend/src/components/RetailerComponents/script/RequestHistoryTableList.js": {"path":"/Users/vigneshr/Desktop/Med-Project/med-frontend/src/components/RetailerComponents/script/RequestHistoryTableList.js","statementMap":{"0":{"start":{"line":20,"column":6},"end":{"line":20,"column":43}}},"fnMap":{"0":{"name":"(anonymous_0)","decl":{"start":{"line":7,"column":15},"end":{"line":7,"column":16}},"loc":{"start":{"line":7,"column":21},"end":{"line":7,"column":23}},"line":7},"1":{"name":"(anonymous_1)","decl":{"start":{"line":19,"column":4},"end":{"line":19,"column":5}},"loc":{"start":{"line":19,"column":27},"end":{"line":21,"column":5}},"line":19}},"branchMap":{},"s":{"0":0},"f":{"0":0,"1":0},"b":{}}
,"/Users/vigneshr/Desktop/Med-Project/med-frontend/src/components/RetailerComponents/script/SalesHistoryTable.js": {"path":"/Users/vigneshr/Desktop/Med-Project/med-frontend/src/components/RetailerComponents/script/SalesHistoryTable.js","statementMap":{"0":{"start":{"line":10,"column":4},"end":{"line":15,"column":6}},"1":{"start":{"line":25,"column":6},"end":{"line":25,"column":39}},"2":{"start":{"line":28,"column":6},"end":{"line":28,"column":38}},"3":{"start":{"line":29,"column":6},"end":{"line":29,"column":34}},"4":{"start":{"line":33,"column":4},"end":{"line":33,"column":79}}},"fnMap":{"0":{"name":"(anonymous_0)","decl":{"start":{"line":9,"column":2},"end":{"line":9,"column":3}},"loc":{"start":{"line":9,"column":9},"end":{"line":16,"column":3}},"line":9},"1":{"name":"(anonymous_1)","decl":{"start":{"line":24,"column":4},"end":{"line":24,"column":5}},"loc":{"start":{"line":24,"column":23},"end":{"line":26,"column":5}},"line":24},"2":{"name":"(anonymous_2)","decl":{"start":{"line":27,"column":4},"end":{"line":27,"column":5}},"loc":{"start":{"line":27,"column":34},"end":{"line":30,"column":5}},"line":27},"3":{"name":"(anonymous_3)","decl":{"start":{"line":32,"column":2},"end":{"line":32,"column":3}},"loc":{"start":{"line":32,"column":12},"end":{"line":34,"column":3}},"line":32}},"branchMap":{},"s":{"0":0,"1":0,"2":0,"3":0,"4":0},"f":{"0":0,"1":0,"2":0,"3":0},"b":{}}
,"/Users/vigneshr/Desktop/Med-Project/med-frontend/src/components/RetailerComponents/script/SalesHistoryTableList.js": {"path":"/Users/vigneshr/Desktop/Med-Project/med-frontend/src/components/RetailerComponents/script/SalesHistoryTableList.js","statementMap":{"0":{"start":{"line":20,"column":6},"end":{"line":20,"column":24}},"1":{"start":{"line":21,"column":6},"end":{"line":21,"column":43}}},"fnMap":{"0":{"name":"(anonymous_0)","decl":{"start":{"line":7,"column":15},"end":{"line":7,"column":16}},"loc":{"start":{"line":7,"column":21},"end":{"line":7,"column":23}},"line":7},"1":{"name":"(anonymous_1)","decl":{"start":{"line":19,"column":4},"end":{"line":19,"column":5}},"loc":{"start":{"line":19,"column":27},"end":{"line":22,"column":5}},"line":19}},"branchMap":{},"s":{"0":0,"1":0},"f":{"0":0,"1":0},"b":{}}
,"/Users/vigneshr/Desktop/Med-Project/med-frontend/src/components/script/BadgeComponent.js": {"path":"/Users/vigneshr/Desktop/Med-Project/med-frontend/src/components/script/BadgeComponent.js","statementMap":{},"fnMap":{"0":{"name":"(anonymous_0)","decl":{"start":{"line":6,"column":15},"end":{"line":6,"column":16}},"loc":{"start":{"line":6,"column":21},"end":{"line":6,"column":23}},"line":6},"1":{"name":"(anonymous_1)","decl":{"start":{"line":10,"column":15},"end":{"line":10,"column":16}},"loc":{"start":{"line":10,"column":21},"end":{"line":10,"column":23}},"line":10}},"branchMap":{},"s":{},"f":{"0":0,"1":0},"b":{}}
,"/Users/vigneshr/Desktop/Med-Project/med-frontend/src/components/script/ButtonComponent.js": {"path":"/Users/vigneshr/Desktop/Med-Project/med-frontend/src/components/script/ButtonComponent.js","statementMap":{"0":{"start":{"line":23,"column":6},"end":{"line":23,"column":28}}},"fnMap":{"0":{"name":"(anonymous_0)","decl":{"start":{"line":22,"column":4},"end":{"line":22,"column":5}},"loc":{"start":{"line":22,"column":14},"end":{"line":24,"column":5}},"line":22}},"branchMap":{},"s":{"0":0},"f":{"0":0},"b":{}}
,"/Users/vigneshr/Desktop/Med-Project/med-frontend/src/components/script/ConfirmModal.js": {"path":"/Users/vigneshr/Desktop/Med-Project/med-frontend/src/components/script/ConfirmModal.js","statementMap":{"0":{"start":{"line":24,"column":6},"end":{"line":24,"column":32}},"1":{"start":{"line":27,"column":6},"end":{"line":27,"column":34}}},"fnMap":{"0":{"name":"(anonymous_0)","decl":{"start":{"line":23,"column":4},"end":{"line":23,"column":5}},"loc":{"start":{"line":23,"column":18},"end":{"line":25,"column":5}},"line":23},"1":{"name":"(anonymous_1)","decl":{"start":{"line":26,"column":4},"end":{"line":26,"column":5}},"loc":{"start":{"line":26,"column":20},"end":{"line":28,"column":5}},"line":26}},"branchMap":{},"s":{"0":0,"1":0},"f":{"0":0,"1":0},"b":{}}
,"/Users/vigneshr/Desktop/Med-Project/med-frontend/src/components/script/NavBar.js": {"path":"/Users/vigneshr/Desktop/Med-Project/med-frontend/src/components/script/NavBar.js","statementMap":{"0":{"start":{"line":25,"column":6},"end":{"line":25,"column":42}},"1":{"start":{"line":26,"column":6},"end":{"line":26,"column":20}},"2":{"start":{"line":27,"column":6},"end":{"line":27,"column":32}}},"fnMap":{"0":{"name":"(anonymous_0)","decl":{"start":{"line":11,"column":15},"end":{"line":11,"column":16}},"loc":{"start":{"line":11,"column":21},"end":{"line":11,"column":23}},"line":11},"1":{"name":"(anonymous_1)","decl":{"start":{"line":24,"column":4},"end":{"line":24,"column":5}},"loc":{"start":{"line":24,"column":13},"end":{"line":28,"column":5}},"line":24}},"branchMap":{},"s":{"0":0,"1":0,"2":0},"f":{"0":0,"1":0},"b":{}}
,"/Users/vigneshr/Desktop/Med-Project/med-frontend/src/components/script/RequestActionModal.js": {"path":"/Users/vigneshr/Desktop/Med-Project/med-frontend/src/components/script/RequestActionModal.js","statementMap":{"0":{"start":{"line":9,"column":4},"end":{"line":11,"column":6}},"1":{"start":{"line":21,"column":6},"end":{"line":21,"column":32}},"2":{"start":{"line":24,"column":6},"end":{"line":24,"column":41}},"3":{"start":{"line":25,"column":28},"end":{"line":29,"column":7}},"4":{"start":{"line":30,"column":6},"end":{"line":30,"column":46}}},"fnMap":{"0":{"name":"(anonymous_0)","decl":{"start":{"line":8,"column":2},"end":{"line":8,"column":3}},"loc":{"start":{"line":8,"column":9},"end":{"line":12,"column":3}},"line":8},"1":{"name":"(anonymous_1)","decl":{"start":{"line":16,"column":15},"end":{"line":16,"column":16}},"loc":{"start":{"line":16,"column":21},"end":{"line":16,"column":23}},"line":16},"2":{"name":"(anonymous_2)","decl":{"start":{"line":20,"column":4},"end":{"line":20,"column":5}},"loc":{"start":{"line":20,"column":18},"end":{"line":22,"column":5}},"line":20},"3":{"name":"(anonymous_3)","decl":{"start":{"line":23,"column":4},"end":{"line":23,"column":5}},"loc":{"start":{"line":23,"column":20},"end":{"line":31,"column":5}},"line":23}},"branchMap":{},"s":{"0":0,"1":0,"2":0,"3":0,"4":0},"f":{"0":0,"1":0,"2":0,"3":0},"b":{}}
,"/Users/vigneshr/Desktop/Med-Project/med-frontend/src/components/script/RequestDetailCard.js": {"path":"/Users/vigneshr/Desktop/Med-Project/med-frontend/src/components/script/RequestDetailCard.js","statementMap":{"0":{"start":{"line":17,"column":6},"end":{"line":17,"column":18}},"1":{"start":{"line":22,"column":6},"end":{"line":22,"column":43}},"2":{"start":{"line":25,"column":6},"end":{"line":25,"column":64}},"3":{"start":{"line":28,"column":6},"end":{"line":28,"column":61}}},"fnMap":{"0":{"name":"(anonymous_0)","decl":{"start":{"line":8,"column":15},"end":{"line":8,"column":16}},"loc":{"start":{"line":8,"column":21},"end":{"line":8,"column":23}},"line":8},"1":{"name":"(anonymous_1)","decl":{"start":{"line":16,"column":4},"end":{"line":16,"column":5}},"loc":{"start":{"line":16,"column":18},"end":{"line":18,"column":5}},"line":16},"2":{"name":"(anonymous_2)","decl":{"start":{"line":21,"column":4},"end":{"line":21,"column":5}},"loc":{"start":{"line":21,"column":23},"end":{"line":23,"column":5}},"line":21},"3":{"name":"(anonymous_3)","decl":{"start":{"line":24,"column":4},"end":{"line":24,"column":5}},"loc":{"start":{"line":24,"column":21},"end":{"line":26,"column":5}},"line":24},"4":{"name":"(anonymous_4)","decl":{"start":{"line":27,"column":4},"end":{"line":27,"column":5}},"loc":{"start":{"line":27,"column":18},"end":{"line":29,"column":5}},"line":27}},"branchMap":{},"s":{"0":0,"1":0,"2":0,"3":0},"f":{"0":0,"1":0,"2":0,"3":0,"4":0},"b":{}}
,"/Users/vigneshr/Desktop/Med-Project/med-frontend/src/components/script/RequestStepperCard.js": {"path":"/Users/vigneshr/Desktop/Med-Project/med-frontend/src/components/script/RequestStepperCard.js","statementMap":{"0":{"start":{"line":20,"column":6},"end":{"line":20,"column":42}},"1":{"start":{"line":25,"column":6},"end":{"line":25,"column":75}}},"fnMap":{"0":{"name":"(anonymous_0)","decl":{"start":{"line":11,"column":15},"end":{"line":11,"column":16}},"loc":{"start":{"line":11,"column":21},"end":{"line":11,"column":23}},"line":11},"1":{"name":"(anonymous_1)","decl":{"start":{"line":19,"column":4},"end":{"line":19,"column":5}},"loc":{"start":{"line":19,"column":18},"end":{"line":21,"column":5}},"line":19},"2":{"name":"(anonymous_2)","decl":{"start":{"line":24,"column":4},"end":{"line":24,"column":5}},"loc":{"start":{"line":24,"column":24},"end":{"line":26,"column":5}},"line":24}},"branchMap":{},"s":{"0":0,"1":0},"f":{"0":0,"1":0,"2":0},"b":{}}
,"/Users/vigneshr/Desktop/Med-Project/med-frontend/src/components/script/SpinnerProgress.js": {"path":"/Users/vigneshr/Desktop/Med-Project/med-frontend/src/components/script/SpinnerProgress.js","statementMap":{},"fnMap":{},"branchMap":{},"s":{},"f":{},"b":{}}
,"/Users/vigneshr/Desktop/Med-Project/med-frontend/src/views/Admin/script/AdminDashBoard.js": {"path":"/Users/vigneshr/Desktop/Med-Project/med-frontend/src/views/Admin/script/AdminDashBoard.js","statementMap":{"0":{"start":{"line":11,"column":4},"end":{"line":18,"column":6}},"1":{"start":{"line":34,"column":6},"end":{"line":38,"column":9}},"2":{"start":{"line":43,"column":6},"end":{"line":47,"column":9}},"3":{"start":{"line":50,"column":6},"end":{"line":50,"column":42}},"4":{"start":{"line":53,"column":6},"end":{"line":53,"column":34}},"5":{"start":{"line":54,"column":6},"end":{"line":54,"column":33}},"6":{"start":{"line":57,"column":6},"end":{"line":57,"column":41}},"7":{"start":{"line":58,"column":24},"end":{"line":64,"column":7}},"8":{"start":{"line":65,"column":6},"end":{"line":65,"column":40}},"9":{"start":{"line":68,"column":6},"end":{"line":68,"column":41}},"10":{"start":{"line":69,"column":24},"end":{"line":75,"column":7}},"11":{"start":{"line":76,"column":6},"end":{"line":76,"column":40}},"12":{"start":{"line":79,"column":6},"end":{"line":79,"column":24}},"13":{"start":{"line":80,"column":6},"end":{"line":96,"column":9}},"14":{"start":{"line":83,"column":10},"end":{"line":90,"column":11}},"15":{"start":{"line":84,"column":12},"end":{"line":84,"column":53}},"16":{"start":{"line":85,"column":12},"end":{"line":87,"column":15}},"17":{"start":{"line":89,"column":12},"end":{"line":89,"column":50}},"18":{"start":{"line":93,"column":10},"end":{"line":93,"column":27}},"19":{"start":{"line":94,"column":10},"end":{"line":94,"column":40}},"20":{"start":{"line":97,"column":6},"end":{"line":97,"column":42}},"21":{"start":{"line":101,"column":4},"end":{"line":101,"column":69}}},"fnMap":{"0":{"name":"(anonymous_0)","decl":{"start":{"line":10,"column":2},"end":{"line":10,"column":3}},"loc":{"start":{"line":10,"column":9},"end":{"line":19,"column":3}},"line":10},"1":{"name":"(anonymous_1)","decl":{"start":{"line":33,"column":4},"end":{"line":33,"column":5}},"loc":{"start":{"line":33,"column":22},"end":{"line":39,"column":5}},"line":33},"2":{"name":"(anonymous_2)","decl":{"start":{"line":42,"column":4},"end":{"line":42,"column":5}},"loc":{"start":{"line":42,"column":19},"end":{"line":48,"column":5}},"line":42},"3":{"name":"(anonymous_3)","decl":{"start":{"line":49,"column":4},"end":{"line":49,"column":5}},"loc":{"start":{"line":49,"column":30},"end":{"line":51,"column":5}},"line":49},"4":{"name":"(anonymous_4)","decl":{"start":{"line":52,"column":4},"end":{"line":52,"column":5}},"loc":{"start":{"line":52,"column":43},"end":{"line":55,"column":5}},"line":52},"5":{"name":"(anonymous_5)","decl":{"start":{"line":56,"column":4},"end":{"line":56,"column":5}},"loc":{"start":{"line":56,"column":40},"end":{"line":66,"column":5}},"line":56},"6":{"name":"(anonymous_6)","decl":{"start":{"line":67,"column":4},"end":{"line":67,"column":5}},"loc":{"start":{"line":67,"column":37},"end":{"line":77,"column":5}},"line":67},"7":{"name":"(anonymous_7)","decl":{"start":{"line":78,"column":4},"end":{"line":78,"column":5}},"loc":{"start":{"line":78,"column":25},"end":{"line":98,"column":5}},"line":78},"8":{"name":"(anonymous_8)","decl":{"start":{"line":82,"column":25},"end":{"line":82,"column":26}},"loc":{"start":{"line":82,"column":34},"end":{"line":91,"column":9}},"line":82},"9":{"name":"(anonymous_9)","decl":{"start":{"line":92,"column":23},"end":{"line":92,"column":24}},"loc":{"start":{"line":92,"column":32},"end":{"line":95,"column":9}},"line":92},"10":{"name":"(anonymous_10)","decl":{"start":{"line":100,"column":2},"end":{"line":100,"column":3}},"loc":{"start":{"line":100,"column":12},"end":{"line":102,"column":3}},"line":100}},"branchMap":{"0":{"loc":{"start":{"line":83,"column":10},"end":{"line":90,"column":11}},"type":"if","locations":[{"start":{"line":83,"column":10},"end":{"line":90,"column":11}},{"start":{"line":88,"column":17},"end":{"line":90,"column":11}}],"line":83}},"s":{"0":0,"1":0,"2":0,"3":0,"4":0,"5":0,"6":0,"7":0,"8":0,"9":0,"10":0,"11":0,"12":0,"13":0,"14":0,"15":0,"16":0,"17":0,"18":0,"19":0,"20":0,"21":0},"f":{"0":0,"1":0,"2":0,"3":0,"4":0,"5":0,"6":0,"7":0,"8":0,"9":0,"10":0},"b":{"0":[0,0]}}
,"/Users/vigneshr/Desktop/Med-Project/med-frontend/src/views/Admin/script/AdminHomePage.js": {"path":"/Users/vigneshr/Desktop/Med-Project/med-frontend/src/views/Admin/script/AdminHomePage.js","statementMap":{"0":{"start":{"line":7,"column":4},"end":{"line":9,"column":6}}},"fnMap":{"0":{"name":"(anonymous_0)","decl":{"start":{"line":6,"column":2},"end":{"line":6,"column":3}},"loc":{"start":{"line":6,"column":9},"end":{"line":10,"column":3}},"line":6}},"branchMap":{},"s":{"0":0},"f":{"0":0},"b":{}}
,"/Users/vigneshr/Desktop/Med-Project/med-frontend/src/views/Admin/script/AdminInventory.js": {"path":"/Users/vigneshr/Desktop/Med-Project/med-frontend/src/views/Admin/script/AdminInventory.js","statementMap":{},"fnMap":{},"branchMap":{},"s":{},"f":{},"b":{}}
,"/Users/vigneshr/Desktop/Med-Project/med-frontend/src/views/Admin/script/AdminUserManagement.js": {"path":"/Users/vigneshr/Desktop/Med-Project/med-frontend/src/views/Admin/script/AdminUserManagement.js","statementMap":{},"fnMap":{},"branchMap":{},"s":{},"f":{},"b":{}}
,"/Users/vigneshr/Desktop/Med-Project/med-frontend/src/views/Dealer/script/DealerBuyProducts.js": {"path":"/Users/vigneshr/Desktop/Med-Project/med-frontend/src/views/Dealer/script/DealerBuyProducts.js","statementMap":{},"fnMap":{},"branchMap":{},"s":{},"f":{},"b":{}}
,"/Users/vigneshr/Desktop/Med-Project/med-frontend/src/views/Dealer/script/DealerDashBoard.js": {"path":"/Users/vigneshr/Desktop/Med-Project/med-frontend/src/views/Dealer/script/DealerDashBoard.js","statementMap":{"0":{"start":{"line":11,"column":4},"end":{"line":18,"column":6}},"1":{"start":{"line":28,"column":6},"end":{"line":32,"column":9}},"2":{"start":{"line":43,"column":6},"end":{"line":47,"column":9}},"3":{"start":{"line":50,"column":6},"end":{"line":50,"column":42}},"4":{"start":{"line":53,"column":6},"end":{"line":53,"column":34}},"5":{"start":{"line":54,"column":6},"end":{"line":54,"column":33}},"6":{"start":{"line":57,"column":6},"end":{"line":57,"column":41}},"7":{"start":{"line":58,"column":24},"end":{"line":64,"column":7}},"8":{"start":{"line":65,"column":6},"end":{"line":65,"column":40}},"9":{"start":{"line":68,"column":6},"end":{"line":68,"column":41}},"10":{"start":{"line":69,"column":24},"end":{"line":75,"column":7}},"11":{"start":{"line":76,"column":6},"end":{"line":76,"column":40}},"12":{"start":{"line":79,"column":6},"end":{"line":79,"column":24}},"13":{"start":{"line":80,"column":6},"end":{"line":96,"column":9}},"14":{"start":{"line":83,"column":10},"end":{"line":90,"column":11}},"15":{"start":{"line":84,"column":12},"end":{"line":84,"column":53}},"16":{"start":{"line":85,"column":12},"end":{"line":87,"column":15}},"17":{"start":{"line":89,"column":12},"end":{"line":89,"column":50}},"18":{"start":{"line":93,"column":10},"end":{"line":93,"column":27}},"19":{"start":{"line":94,"column":10},"end":{"line":94,"column":40}},"20":{"start":{"line":97,"column":6},"end":{"line":97,"column":42}},"21":{"start":{"line":101,"column":4},"end":{"line":103,"column":7}}},"fnMap":{"0":{"name":"(anonymous_0)","decl":{"start":{"line":10,"column":2},"end":{"line":10,"column":3}},"loc":{"start":{"line":10,"column":9},"end":{"line":19,"column":3}},"line":10},"1":{"name":"(anonymous_1)","decl":{"start":{"line":27,"column":4},"end":{"line":27,"column":5}},"loc":{"start":{"line":27,"column":22},"end":{"line":33,"column":5}},"line":27},"2":{"name":"(anonymous_2)","decl":{"start":{"line":42,"column":4},"end":{"line":42,"column":5}},"loc":{"start":{"line":42,"column":19},"end":{"line":48,"column":5}},"line":42},"3":{"name":"(anonymous_3)","decl":{"start":{"line":49,"column":4},"end":{"line":49,"column":5}},"loc":{"start":{"line":49,"column":30},"end":{"line":51,"column":5}},"line":49},"4":{"name":"(anonymous_4)","decl":{"start":{"line":52,"column":4},"end":{"line":52,"column":5}},"loc":{"start":{"line":52,"column":43},"end":{"line":55,"column":5}},"line":52},"5":{"name":"(anonymous_5)","decl":{"start":{"line":56,"column":4},"end":{"line":56,"column":5}},"loc":{"start":{"line":56,"column":40},"end":{"line":66,"column":5}},"line":56},"6":{"name":"(anonymous_6)","decl":{"start":{"line":67,"column":4},"end":{"line":67,"column":5}},"loc":{"start":{"line":67,"column":37},"end":{"line":77,"column":5}},"line":67},"7":{"name":"(anonymous_7)","decl":{"start":{"line":78,"column":4},"end":{"line":78,"column":5}},"loc":{"start":{"line":78,"column":25},"end":{"line":98,"column":5}},"line":78},"8":{"name":"(anonymous_8)","decl":{"start":{"line":82,"column":25},"end":{"line":82,"column":26}},"loc":{"start":{"line":82,"column":34},"end":{"line":91,"column":9}},"line":82},"9":{"name":"(anonymous_9)","decl":{"start":{"line":92,"column":23},"end":{"line":92,"column":24}},"loc":{"start":{"line":92,"column":32},"end":{"line":95,"column":9}},"line":92},"10":{"name":"(anonymous_10)","decl":{"start":{"line":100,"column":2},"end":{"line":100,"column":3}},"loc":{"start":{"line":100,"column":12},"end":{"line":104,"column":3}},"line":100}},"branchMap":{"0":{"loc":{"start":{"line":83,"column":10},"end":{"line":90,"column":11}},"type":"if","locations":[{"start":{"line":83,"column":10},"end":{"line":90,"column":11}},{"start":{"line":88,"column":17},"end":{"line":90,"column":11}}],"line":83}},"s":{"0":0,"1":0,"2":0,"3":0,"4":0,"5":0,"6":0,"7":0,"8":0,"9":0,"10":0,"11":0,"12":0,"13":0,"14":0,"15":0,"16":0,"17":0,"18":0,"19":0,"20":0,"21":0},"f":{"0":0,"1":0,"2":0,"3":0,"4":0,"5":0,"6":0,"7":0,"8":0,"9":0,"10":0},"b":{"0":[0,0]}}
,"/Users/vigneshr/Desktop/Med-Project/med-frontend/src/views/Dealer/script/DealerHomePage.js": {"path":"/Users/vigneshr/Desktop/Med-Project/med-frontend/src/views/Dealer/script/DealerHomePage.js","statementMap":{"0":{"start":{"line":6,"column":4},"end":{"line":8,"column":6}}},"fnMap":{"0":{"name":"(anonymous_0)","decl":{"start":{"line":5,"column":2},"end":{"line":5,"column":3}},"loc":{"start":{"line":5,"column":9},"end":{"line":9,"column":3}},"line":5}},"branchMap":{},"s":{"0":0},"f":{"0":0},"b":{}}
,"/Users/vigneshr/Desktop/Med-Project/med-frontend/src/views/Dealer/script/DealerInventory.js": {"path":"/Users/vigneshr/Desktop/Med-Project/med-frontend/src/views/Dealer/script/DealerInventory.js","statementMap":{},"fnMap":{},"branchMap":{},"s":{},"f":{},"b":{}}
,"/Users/vigneshr/Desktop/Med-Project/med-frontend/src/views/Dealer/script/DealerRequestHistory.js": {"path":"/Users/vigneshr/Desktop/Med-Project/med-frontend/src/views/Dealer/script/DealerRequestHistory.js","statementMap":{},"fnMap":{},"branchMap":{},"s":{},"f":{},"b":{}}
,"/Users/vigneshr/Desktop/Med-Project/med-frontend/src/views/HelperPages/script/NotFound.js": {"path":"/Users/vigneshr/Desktop/Med-Project/med-frontend/src/views/HelperPages/script/NotFound.js","statementMap":{},"fnMap":{},"branchMap":{},"s":{},"f":{},"b":{}}
,"/Users/vigneshr/Desktop/Med-Project/med-frontend/src/views/Retailer/script/RetailerBuyProducts.js": {"path":"/Users/vigneshr/Desktop/Med-Project/med-frontend/src/views/Retailer/script/RetailerBuyProducts.js","statementMap":{},"fnMap":{},"branchMap":{},"s":{},"f":{},"b":{}}
,"/Users/vigneshr/Desktop/Med-Project/med-frontend/src/views/Retailer/script/RetailerDashBoard.js": {"path":"/Users/vigneshr/Desktop/Med-Project/med-frontend/src/views/Retailer/script/RetailerDashBoard.js","statementMap":{},"fnMap":{},"branchMap":{},"s":{},"f":{},"b":{}}
,"/Users/vigneshr/Desktop/Med-Project/med-frontend/src/views/Retailer/script/RetailerHomePage.js": {"path":"/Users/vigneshr/Desktop/Med-Project/med-frontend/src/views/Retailer/script/RetailerHomePage.js","statementMap":{"0":{"start":{"line":7,"column":4},"end":{"line":9,"column":6}}},"fnMap":{"0":{"name":"(anonymous_0)","decl":{"start":{"line":6,"column":2},"end":{"line":6,"column":3}},"loc":{"start":{"line":6,"column":9},"end":{"line":10,"column":3}},"line":6}},"branchMap":{},"s":{"0":0},"f":{"0":0},"b":{}}
,"/Users/vigneshr/Desktop/Med-Project/med-frontend/src/views/Retailer/script/RetailerInventory.js": {"path":"/Users/vigneshr/Desktop/Med-Project/med-frontend/src/views/Retailer/script/RetailerInventory.js","statementMap":{},"fnMap":{},"branchMap":{},"s":{},"f":{},"b":{}}
,"/Users/vigneshr/Desktop/Med-Project/med-frontend/src/views/Retailer/script/RetailerRequestHistory.js": {"path":"/Users/vigneshr/Desktop/Med-Project/med-frontend/src/views/Retailer/script/RetailerRequestHistory.js","statementMap":{},"fnMap":{},"branchMap":{},"s":{},"f":{},"b":{}}
,"/Users/vigneshr/Desktop/Med-Project/med-frontend/src/views/Retailer/script/RetailerSalesHistory.js": {"path":"/Users/vigneshr/Desktop/Med-Project/med-frontend/src/views/Retailer/script/RetailerSalesHistory.js","statementMap":{},"fnMap":{},"branchMap":{},"s":{},"f":{},"b":{}}
,"/Users/vigneshr/Desktop/Med-Project/med-frontend/src/views/script/LoginPage.js": {"path":"/Users/vigneshr/Desktop/Med-Project/med-frontend/src/views/script/LoginPage.js","statementMap":{"0":{"start":{"line":6,"column":4},"end":{"line":11,"column":6}},"1":{"start":{"line":18,"column":6},"end":{"line":18,"column":73}},"2":{"start":{"line":23,"column":6},"end":{"line":23,"column":54}},"3":{"start":{"line":26,"column":6},"end":{"line":26,"column":69}}},"fnMap":{"0":{"name":"(anonymous_0)","decl":{"start":{"line":5,"column":2},"end":{"line":5,"column":3}},"loc":{"start":{"line":5,"column":9},"end":{"line":12,"column":3}},"line":5},"1":{"name":"(anonymous_1)","decl":{"start":{"line":17,"column":4},"end":{"line":17,"column":5}},"loc":{"start":{"line":17,"column":19},"end":{"line":19,"column":5}},"line":17},"2":{"name":"(anonymous_2)","decl":{"start":{"line":22,"column":4},"end":{"line":22,"column":5}},"loc":{"start":{"line":22,"column":24},"end":{"line":24,"column":5}},"line":22},"3":{"name":"(anonymous_3)","decl":{"start":{"line":25,"column":4},"end":{"line":25,"column":5}},"loc":{"start":{"line":25,"column":25},"end":{"line":27,"column":5}},"line":25}},"branchMap":{"0":{"loc":{"start":{"line":23,"column":13},"end":{"line":23,"column":53}},"type":"binary-expr","locations":[{"start":{"line":23,"column":13},"end":{"line":23,"column":31}},{"start":{"line":23,"column":35},"end":{"line":23,"column":53}}],"line":23},"1":{"loc":{"start":{"line":26,"column":13},"end":{"line":26,"column":68}},"type":"cond-expr","locations":[{"start":{"line":26,"column":56},"end":{"line":26,"column":60}},{"start":{"line":26,"column":63},"end":{"line":26,"column":68}}],"line":26}},"s":{"0":0,"1":0,"2":0,"3":0},"f":{"0":0,"1":0,"2":0,"3":0},"b":{"0":[0,0],"1":[0,0]}}
}
